03:04:44.906 karate.env system property was: null 
03:04:47.086 request:
1 > GET http://localhost:3030/categories
1 > Accept-Encoding: gzip,deflate
1 > Connection: Keep-Alive
1 > Host: localhost:3030
1 > User-Agent: Apache-HttpClient/4.5.5 (Java/1.8.0_221)

03:04:47.446 response time in milliseconds: 350.45
1 < 200
1 < Access-Control-Allow-Origin: *
1 < Allow: GET,POST,PUT,PATCH,DELETE
1 < Connection: keep-alive
1 < Content-Type: application/json; charset=utf-8
1 < Date: Sat, 09 Nov 2019 21:34:47 GMT
1 < ETag: W/"23ef-CqTScFB1rs/fuRAWKQSODC/+lVg"
1 < Transfer-Encoding: chunked
1 < Vary: Accept, Accept-Encoding
1 < X-Powered-By: Express
{"total":4307,"limit":10,"skip":0,"data":[{"id":"abcat0010000","name":"Gift Ideas","createdAt":"2016-11-17T17:57:04.285Z","updatedAt":"2016-11-17T17:57:04.285Z","subCategories":[{"id":"abcat0020004","name":"Unique Gifts","createdAt":"2016-11-17T17:57:04.285Z","updatedAt":"2016-11-17T17:57:04.285Z"},{"id":"pcmcat748300579354","name":"Family Gift Ideas","createdAt":"2016-11-17T17:57:04.899Z","updatedAt":"2016-11-17T17:57:04.899Z"},{"id":"pcmcat748301108075","name":"Stocking Stuffers","createdAt":"2016-11-17T17:57:04.899Z","updatedAt":"2016-11-17T17:57:04.899Z"},{"id":"pcmcat84000050000","name":"Weddings","createdAt":"2016-11-17T17:57:05.399Z","updatedAt":"2016-11-17T17:57:05.399Z"},{"id":"pcmcat84000050001","name":"Anniversaries","createdAt":"2016-11-17T17:57:05.399Z","updatedAt":"2016-11-17T17:57:05.399Z"},{"id":"pcmcat84000050002","name":"Business Gifts","createdAt":"2016-11-17T17:57:05.399Z","updatedAt":"2016-11-17T17:57:05.399Z"},{"id":"pcmcat84000050004","name":"Baby Showers","createdAt":"2016-11-17T17:57:05.399Z","updatedAt":"2016-11-17T17:57:05.399Z"},{"id":"pcmcat94300050028","name":"Birthdays","createdAt":"2016-11-17T17:57:05.399Z","updatedAt":"2016-11-17T17:57:05.399Z"}],"categoryPath":[{"id":"abcat0010000","name":"Gift Ideas","createdAt":"2016-11-17T17:57:04.285Z","updatedAt":"2016-11-17T17:57:04.285Z"}]},{"id":"abcat0020001","name":"Learning Toys","createdAt":"2016-11-17T17:57:04.285Z","updatedAt":"2016-11-17T17:57:04.285Z","subCategories":[],"categoryPath":[{"id":"abcat0010000","name":"Gift Ideas","createdAt":"2016-11-17T17:57:04.285Z","updatedAt":"2016-11-17T17:57:04.285Z"},{"id":"abcat0020001","name":"Learning Toys","createdAt":"2016-11-17T17:57:04.285Z","updatedAt":"2016-11-17T17:57:04.285Z"}]},{"id":"abcat0020002","name":"DVD Games","createdAt":"2016-11-17T17:57:04.285Z","updatedAt":"2016-11-17T17:57:04.285Z","subCategories":[],"categoryPath":[{"id":"abcat0010000","name":"Gift Ideas","createdAt":"2016-11-17T17:57:04.285Z","updatedAt":"2016-11-17T17:57:04.285Z"},{"id":"abcat0020002","name":"DVD Games","createdAt":"2016-11-17T17:57:04.285Z","updatedAt":"2016-11-17T17:57:04.285Z"}]},{"id":"abcat0020004","name":"Unique Gifts","createdAt":"2016-11-17T17:57:04.285Z","updatedAt":"2016-11-17T17:57:04.285Z","subCategories":[],"categoryPath":[{"id":"abcat0010000","name":"Gift Ideas","createdAt":"2016-11-17T17:57:04.285Z","updatedAt":"2016-11-17T17:57:04.285Z"},{"id":"abcat0020004","name":"Unique Gifts","createdAt":"2016-11-17T17:57:04.285Z","updatedAt":"2016-11-17T17:57:04.285Z"}]},{"id":"abcat0100000","name":"TV & Home Theater","createdAt":"2016-11-17T17:57:04.285Z","updatedAt":"2016-11-17T17:57:04.285Z","subCategories":[{"id":"abcat0101000","name":"TVs","createdAt":"2016-11-17T17:57:04.285Z","updatedAt":"2016-11-17T17:57:04.285Z"},{"id":"abcat0102000","name":"Blu-ray & DVD Players","createdAt":"2016-11-17T17:57:04.285Z","updatedAt":"2016-11-17T17:57:04.285Z"},{"id":"abcat0105000","name":"TV & Internet Service Providers","createdAt":"2016-11-17T17:57:04.285Z","updatedAt":"2016-11-17T17:57:04.285Z"},{"id":"abcat0106000","name":"TV Stands, Mounts & Furniture","createdAt":"2016-11-17T17:57:04.285Z","updatedAt":"2016-11-17T17:57:04.285Z"},{"id":"abcat0107000","name":"TV & Home Theater Accessories","createdAt":"2016-11-17T17:57:04.285Z","updatedAt":"2016-11-17T17:57:04.285Z"},{"id":"abcat0203000","name":"Home Theater Systems","createdAt":"2016-11-17T17:57:04.285Z","updatedAt":"2016-11-17T17:57:04.285Z"},{"id":"abcat0205007","name":"Sound Bars","createdAt":"2016-11-17T17:57:04.285Z","updatedAt":"2016-11-17T17:57:04.285Z"},{"id":"pcmcat138100050024","name":"TV & Home Theater Services","createdAt":"2016-11-17T17:57:04.643Z","updatedAt":"2016-11-17T17:57:04.643Z"},{"id":"pcmcat139900050002","name":"Magnolia Home Theater","createdAt":"2016-11-17T17:57:04.643Z","updatedAt":"2016-11-17T17:57:04.643Z"},{"id":"pcmcat158900050008","name":"Projectors & Screens","createdAt":"2016-11-17T17:57:04.899Z","updatedAt":"2016-11-17T17:57:04.899Z"},{"id":"pcmcat161100050040","name":"Streaming Media Players","createdAt":"2016-11-17T17:57:04.899Z","updatedAt":"2016-11-17T17:57:04.899Z"}],"categoryPath":[{"id":"abcat0100000","name":"TV & Home Theater","createdAt":"2016-11-17T17:57:04.285Z","updatedAt":"2016-11-17T17:57:04.285Z"}]},{"id":"abcat0101000","name":"TVs","createdAt":"2016-11-17T17:57:04.285Z","updatedAt":"2016-11-17T17:57:04.285Z","subCategories":[{"id":"abcat0101001","name":"All Flat-Panel TVs","createdAt":"2016-11-17T17:57:04.285Z","updatedAt":"2016-11-17T17:57:04.285Z"},{"id":"abcat0107000","name":"TV & Home Theater Accessories","createdAt":"2016-11-17T17:57:04.285Z","updatedAt":"2016-11-17T17:57:04.285Z"},{"id":"pcmcat138100050024","name":"TV & Home Theater Services","createdAt":"2016-11-17T17:57:04.643Z","updatedAt":"2016-11-17T17:57:04.643Z"},{"id":"pcmcat193400050018","name":"LED TVs","createdAt":"2016-11-17T17:57:05.399Z","updatedAt":"2016-11-17T17:57:05.399Z"},{"id":"pcmcat205800050000","name":"3D TVs","createdAt":"2016-11-17T17:57:05.399Z","updatedAt":"2016-11-17T17:57:05.399Z"},{"id":"pcmcat220700050011","name":"Smart TVs","createdAt":"2016-11-17T17:57:05.399Z","updatedAt":"2016-11-17T17:57:05.399Z"},{"id":"pcmcat301000050010","name":"OLED TVs","createdAt":"2016-11-17T17:57:04.285Z","updatedAt":"2016-11-17T17:57:04.285Z"},{"id":"pcmcat333800050003","name":"4K Ultra HD TVs","createdAt":"2016-11-17T17:57:04.643Z","updatedAt":"2016-11-17T17:57:04.643Z"},{"id":"pcmcat333800050004","name":"Curved TVs","createdAt":"2016-11-17T17:57:04.643Z","updatedAt":"2016-11-17T17:57:04.643Z"},{"id":"pcmcat333800050005","name":"Outdoor TVs","createdAt":"2016-11-17T17:57:04.643Z","updatedAt":"2016-11-17T17:57:04.643Z"}],"categoryPath":[{"id":"abcat0100000","name":"TV & Home Theater","createdAt":"2016-11-17T17:57:04.285Z","updatedAt":"2016-11-17T17:57:04.285Z"},{"id":"abcat0101000","name":"TVs","createdAt":"2016-11-17T17:57:04.285Z","updatedAt":"2016-11-17T17:57:04.285Z"}]},{"id":"abcat0101001","name":"All Flat-Panel TVs","createdAt":"2016-11-17T17:57:04.285Z","updatedAt":"2016-11-17T17:57:04.285Z","subCategories":[{"id":"pcmcat138100050024","name":"TV & Home Theater Services","createdAt":"2016-11-17T17:57:04.643Z","updatedAt":"2016-11-17T17:57:04.643Z"}],"categoryPath":[{"id":"abcat0100000","name":"TV & Home Theater","createdAt":"2016-11-17T17:57:04.285Z","updatedAt":"2016-11-17T17:57:04.285Z"},{"id":"abcat0101000","name":"TVs","createdAt":"2016-11-17T17:57:04.285Z","updatedAt":"2016-11-17T17:57:04.285Z"},{"id":"abcat0101001","name":"All Flat-Panel TVs","createdAt":"2016-11-17T17:57:04.285Z","updatedAt":"2016-11-17T17:57:04.285Z"}]},{"id":"abcat0102000","name":"Blu-ray & DVD Players","createdAt":"2016-11-17T17:57:04.285Z","updatedAt":"2016-11-17T17:57:04.285Z","subCategories":[{"id":"abcat0102003","name":"Blu-ray Players","createdAt":"2016-11-17T17:57:04.285Z","updatedAt":"2016-11-17T17:57:04.285Z"},{"id":"abcat0102005","name":"DVD Players","createdAt":"2016-11-17T17:57:04.285Z","updatedAt":"2016-11-17T17:57:04.285Z"},{"id":"abcat0102006","name":"DVD Recorders","createdAt":"2016-11-17T17:57:04.285Z","updatedAt":"2016-11-17T17:57:04.285Z"},{"id":"abcat0102007","name":"DVD/VCR Combos","createdAt":"2016-11-17T17:57:04.285Z","updatedAt":"2016-11-17T17:57:04.285Z"},{"id":"pcmcat219900050000","name":"Portable DVD Players & Accessories","createdAt":"2016-11-17T17:57:05.399Z","updatedAt":"2016-11-17T17:57:05.399Z"}],"categoryPath":[{"id":"abcat0100000","name":"TV & Home Theater","createdAt":"2016-11-17T17:57:04.285Z","updatedAt":"2016-11-17T17:57:04.285Z"},{"id":"abcat0102000","name":"Blu-ray & DVD Players","createdAt":"2016-11-17T17:57:04.285Z","updatedAt":"2016-11-17T17:57:04.285Z"}]},{"id":"abcat0102003","name":"Blu-ray Players","createdAt":"2016-11-17T17:57:04.285Z","updatedAt":"2016-11-17T17:57:04.285Z","subCategories":[{"id":"pcmcat205900050012","name":"3D Blu-ray Players","createdAt":"2016-11-17T17:57:05.399Z","updatedAt":"2016-11-17T17:57:05.399Z"},{"id":"pcmcat748301694302","name":"Streaming Blu-ray Players","createdAt":"2016-11-17T17:57:04.899Z","updatedAt":"2016-11-17T17:57:04.899Z"}],"categoryPath":[{"id":"abcat0100000","name":"TV & Home Theater","createdAt":"2016-11-17T17:57:04.285Z","updatedAt":"2016-11-17T17:57:04.285Z"},{"id":"abcat0102000","name":"Blu-ray & DVD Players","createdAt":"2016-11-17T17:57:04.285Z","updatedAt":"2016-11-17T17:57:04.285Z"},{"id":"abcat0102003","name":"Blu-ray Players","createdAt":"2016-11-17T17:57:04.285Z","updatedAt":"2016-11-17T17:57:04.285Z"}]},{"id":"abcat0102005","name":"DVD Players","createdAt":"2016-11-17T17:57:04.285Z","updatedAt":"2016-11-17T17:57:04.285Z","subCategories":[{"id":"pcmcat138100050024","name":"TV & Home Theater Services","createdAt":"2016-11-17T17:57:04.643Z","updatedAt":"2016-11-17T17:57:04.643Z"}],"categoryPath":[{"id":"abcat0100000","name":"TV & Home Theater","createdAt":"2016-11-17T17:57:04.285Z","updatedAt":"2016-11-17T17:57:04.285Z"},{"id":"abcat0102000","name":"Blu-ray & DVD Players","createdAt":"2016-11-17T17:57:04.285Z","updatedAt":"2016-11-17T17:57:04.285Z"},{"id":"abcat0102005","name":"DVD Players","createdAt":"2016-11-17T17:57:04.285Z","updatedAt":"2016-11-17T17:57:04.285Z"}]}]}

03:04:47.459 [print] {
  "total": 4307,
  "limit": 10,
  "skip": 0,
  "data": [
    {
      "id": "abcat0010000",
      "name": "Gift Ideas",
      "createdAt": "2016-11-17T17:57:04.285Z",
      "updatedAt": "2016-11-17T17:57:04.285Z",
      "subCategories": [
        {
          "id": "abcat0020004",
          "name": "Unique Gifts",
          "createdAt": "2016-11-17T17:57:04.285Z",
          "updatedAt": "2016-11-17T17:57:04.285Z"
        },
        {
          "id": "pcmcat748300579354",
          "name": "Family Gift Ideas",
          "createdAt": "2016-11-17T17:57:04.899Z",
          "updatedAt": "2016-11-17T17:57:04.899Z"
        },
        {
          "id": "pcmcat748301108075",
          "name": "Stocking Stuffers",
          "createdAt": "2016-11-17T17:57:04.899Z",
          "updatedAt": "2016-11-17T17:57:04.899Z"
        },
        {
          "id": "pcmcat84000050000",
          "name": "Weddings",
          "createdAt": "2016-11-17T17:57:05.399Z",
          "updatedAt": "2016-11-17T17:57:05.399Z"
        },
        {
          "id": "pcmcat84000050001",
          "name": "Anniversaries",
          "createdAt": "2016-11-17T17:57:05.399Z",
          "updatedAt": "2016-11-17T17:57:05.399Z"
        },
        {
          "id": "pcmcat84000050002",
          "name": "Business Gifts",
          "createdAt": "2016-11-17T17:57:05.399Z",
          "updatedAt": "2016-11-17T17:57:05.399Z"
        },
        {
          "id": "pcmcat84000050004",
          "name": "Baby Showers",
          "createdAt": "2016-11-17T17:57:05.399Z",
          "updatedAt": "2016-11-17T17:57:05.399Z"
        },
        {
          "id": "pcmcat94300050028",
          "name": "Birthdays",
          "createdAt": "2016-11-17T17:57:05.399Z",
          "updatedAt": "2016-11-17T17:57:05.399Z"
        }
      ],
      "categoryPath": [
        {
          "id": "abcat0010000",
          "name": "Gift Ideas",
          "createdAt": "2016-11-17T17:57:04.285Z",
          "updatedAt": "2016-11-17T17:57:04.285Z"
        }
      ]
    },
    {
      "id": "abcat0020001",
      "name": "Learning Toys",
      "createdAt": "2016-11-17T17:57:04.285Z",
      "updatedAt": "2016-11-17T17:57:04.285Z",
      "subCategories": [
      ],
      "categoryPath": [
        {
          "id": "abcat0010000",
          "name": "Gift Ideas",
          "createdAt": "2016-11-17T17:57:04.285Z",
          "updatedAt": "2016-11-17T17:57:04.285Z"
        },
        {
          "id": "abcat0020001",
          "name": "Learning Toys",
          "createdAt": "2016-11-17T17:57:04.285Z",
          "updatedAt": "2016-11-17T17:57:04.285Z"
        }
      ]
    },
    {
      "id": "abcat0020002",
      "name": "DVD Games",
      "createdAt": "2016-11-17T17:57:04.285Z",
      "updatedAt": "2016-11-17T17:57:04.285Z",
      "subCategories": [
      ],
      "categoryPath": [
        {
          "id": "abcat0010000",
          "name": "Gift Ideas",
          "createdAt": "2016-11-17T17:57:04.285Z",
          "updatedAt": "2016-11-17T17:57:04.285Z"
        },
        {
          "id": "abcat0020002",
          "name": "DVD Games",
          "createdAt": "2016-11-17T17:57:04.285Z",
          "updatedAt": "2016-11-17T17:57:04.285Z"
        }
      ]
    },
    {
      "id": "abcat0020004",
      "name": "Unique Gifts",
      "createdAt": "2016-11-17T17:57:04.285Z",
      "updatedAt": "2016-11-17T17:57:04.285Z",
      "subCategories": [
      ],
      "categoryPath": [
        {
          "id": "abcat0010000",
          "name": "Gift Ideas",
          "createdAt": "2016-11-17T17:57:04.285Z",
          "updatedAt": "2016-11-17T17:57:04.285Z"
        },
        {
          "id": "abcat0020004",
          "name": "Unique Gifts",
          "createdAt": "2016-11-17T17:57:04.285Z",
          "updatedAt": "2016-11-17T17:57:04.285Z"
        }
      ]
    },
    {
      "id": "abcat0100000",
      "name": "TV & Home Theater",
      "createdAt": "2016-11-17T17:57:04.285Z",
      "updatedAt": "2016-11-17T17:57:04.285Z",
      "subCategories": [
        {
          "id": "abcat0101000",
          "name": "TVs",
          "createdAt": "2016-11-17T17:57:04.285Z",
          "updatedAt": "2016-11-17T17:57:04.285Z"
        },
        {
          "id": "abcat0102000",
          "name": "Blu-ray & DVD Players",
          "createdAt": "2016-11-17T17:57:04.285Z",
          "updatedAt": "2016-11-17T17:57:04.285Z"
        },
        {
          "id": "abcat0105000",
          "name": "TV & Internet Service Providers",
          "createdAt": "2016-11-17T17:57:04.285Z",
          "updatedAt": "2016-11-17T17:57:04.285Z"
        },
        {
          "id": "abcat0106000",
          "name": "TV Stands, Mounts & Furniture",
          "createdAt": "2016-11-17T17:57:04.285Z",
          "updatedAt": "2016-11-17T17:57:04.285Z"
        },
        {
          "id": "abcat0107000",
          "name": "TV & Home Theater Accessories",
          "createdAt": "2016-11-17T17:57:04.285Z",
          "updatedAt": "2016-11-17T17:57:04.285Z"
        },
        {
          "id": "abcat0203000",
          "name": "Home Theater Systems",
          "createdAt": "2016-11-17T17:57:04.285Z",
          "updatedAt": "2016-11-17T17:57:04.285Z"
        },
        {
          "id": "abcat0205007",
          "name": "Sound Bars",
          "createdAt": "2016-11-17T17:57:04.285Z",
          "updatedAt": "2016-11-17T17:57:04.285Z"
        },
        {
          "id": "pcmcat138100050024",
          "name": "TV & Home Theater Services",
          "createdAt": "2016-11-17T17:57:04.643Z",
          "updatedAt": "2016-11-17T17:57:04.643Z"
        },
        {
          "id": "pcmcat139900050002",
          "name": "Magnolia Home Theater",
          "createdAt": "2016-11-17T17:57:04.643Z",
          "updatedAt": "2016-11-17T17:57:04.643Z"
        },
        {
          "id": "pcmcat158900050008",
          "name": "Projectors & Screens",
          "createdAt": "2016-11-17T17:57:04.899Z",
          "updatedAt": "2016-11-17T17:57:04.899Z"
        },
        {
          "id": "pcmcat161100050040",
          "name": "Streaming Media Players",
          "createdAt": "2016-11-17T17:57:04.899Z",
          "updatedAt": "2016-11-17T17:57:04.899Z"
        }
      ],
      "categoryPath": [
        {
          "id": "abcat0100000",
          "name": "TV & Home Theater",
          "createdAt": "2016-11-17T17:57:04.285Z",
          "updatedAt": "2016-11-17T17:57:04.285Z"
        }
      ]
    },
    {
      "id": "abcat0101000",
      "name": "TVs",
      "createdAt": "2016-11-17T17:57:04.285Z",
      "updatedAt": "2016-11-17T17:57:04.285Z",
      "subCategories": [
        {
          "id": "abcat0101001",
          "name": "All Flat-Panel TVs",
          "createdAt": "2016-11-17T17:57:04.285Z",
          "updatedAt": "2016-11-17T17:57:04.285Z"
        },
        {
          "id": "abcat0107000",
          "name": "TV & Home Theater Accessories",
          "createdAt": "2016-11-17T17:57:04.285Z",
          "updatedAt": "2016-11-17T17:57:04.285Z"
        },
        {
          "id": "pcmcat138100050024",
          "name": "TV & Home Theater Services",
          "createdAt": "2016-11-17T17:57:04.643Z",
          "updatedAt": "2016-11-17T17:57:04.643Z"
        },
        {
          "id": "pcmcat193400050018",
          "name": "LED TVs",
          "createdAt": "2016-11-17T17:57:05.399Z",
          "updatedAt": "2016-11-17T17:57:05.399Z"
        },
        {
          "id": "pcmcat205800050000",
          "name": "3D TVs",
          "createdAt": "2016-11-17T17:57:05.399Z",
          "updatedAt": "2016-11-17T17:57:05.399Z"
        },
        {
          "id": "pcmcat220700050011",
          "name": "Smart TVs",
          "createdAt": "2016-11-17T17:57:05.399Z",
          "updatedAt": "2016-11-17T17:57:05.399Z"
        },
        {
          "id": "pcmcat301000050010",
          "name": "OLED TVs",
          "createdAt": "2016-11-17T17:57:04.285Z",
          "updatedAt": "2016-11-17T17:57:04.285Z"
        },
        {
          "id": "pcmcat333800050003",
          "name": "4K Ultra HD TVs",
          "createdAt": "2016-11-17T17:57:04.643Z",
          "updatedAt": "2016-11-17T17:57:04.643Z"
        },
        {
          "id": "pcmcat333800050004",
          "name": "Curved TVs",
          "createdAt": "2016-11-17T17:57:04.643Z",
          "updatedAt": "2016-11-17T17:57:04.643Z"
        },
        {
          "id": "pcmcat333800050005",
          "name": "Outdoor TVs",
          "createdAt": "2016-11-17T17:57:04.643Z",
          "updatedAt": "2016-11-17T17:57:04.643Z"
        }
      ],
      "categoryPath": [
        {
          "id": "abcat0100000",
          "name": "TV & Home Theater",
          "createdAt": "2016-11-17T17:57:04.285Z",
          "updatedAt": "2016-11-17T17:57:04.285Z"
        },
        {
          "id": "abcat0101000",
          "name": "TVs",
          "createdAt": "2016-11-17T17:57:04.285Z",
          "updatedAt": "2016-11-17T17:57:04.285Z"
        }
      ]
    },
    {
      "id": "abcat0101001",
      "name": "All Flat-Panel TVs",
      "createdAt": "2016-11-17T17:57:04.285Z",
      "updatedAt": "2016-11-17T17:57:04.285Z",
      "subCategories": [
        {
          "id": "pcmcat138100050024",
          "name": "TV & Home Theater Services",
          "createdAt": "2016-11-17T17:57:04.643Z",
          "updatedAt": "2016-11-17T17:57:04.643Z"
        }
      ],
      "categoryPath": [
        {
          "id": "abcat0100000",
          "name": "TV & Home Theater",
          "createdAt": "2016-11-17T17:57:04.285Z",
          "updatedAt": "2016-11-17T17:57:04.285Z"
        },
        {
          "id": "abcat0101000",
          "name": "TVs",
          "createdAt": "2016-11-17T17:57:04.285Z",
          "updatedAt": "2016-11-17T17:57:04.285Z"
        },
        {
          "id": "abcat0101001",
          "name": "All Flat-Panel TVs",
          "createdAt": "2016-11-17T17:57:04.285Z",
          "updatedAt": "2016-11-17T17:57:04.285Z"
        }
      ]
    },
    {
      "id": "abcat0102000",
      "name": "Blu-ray & DVD Players",
      "createdAt": "2016-11-17T17:57:04.285Z",
      "updatedAt": "2016-11-17T17:57:04.285Z",
      "subCategories": [
        {
          "id": "abcat0102003",
          "name": "Blu-ray Players",
          "createdAt": "2016-11-17T17:57:04.285Z",
          "updatedAt": "2016-11-17T17:57:04.285Z"
        },
        {
          "id": "abcat0102005",
          "name": "DVD Players",
          "createdAt": "2016-11-17T17:57:04.285Z",
          "updatedAt": "2016-11-17T17:57:04.285Z"
        },
        {
          "id": "abcat0102006",
          "name": "DVD Recorders",
          "createdAt": "2016-11-17T17:57:04.285Z",
          "updatedAt": "2016-11-17T17:57:04.285Z"
        },
        {
          "id": "abcat0102007",
          "name": "DVD/VCR Combos",
          "createdAt": "2016-11-17T17:57:04.285Z",
          "updatedAt": "2016-11-17T17:57:04.285Z"
        },
        {
          "id": "pcmcat219900050000",
          "name": "Portable DVD Players & Accessories",
          "createdAt": "2016-11-17T17:57:05.399Z",
          "updatedAt": "2016-11-17T17:57:05.399Z"
        }
      ],
      "categoryPath": [
        {
          "id": "abcat0100000",
          "name": "TV & Home Theater",
          "createdAt": "2016-11-17T17:57:04.285Z",
          "updatedAt": "2016-11-17T17:57:04.285Z"
        },
        {
          "id": "abcat0102000",
          "name": "Blu-ray & DVD Players",
          "createdAt": "2016-11-17T17:57:04.285Z",
          "updatedAt": "2016-11-17T17:57:04.285Z"
        }
      ]
    },
    {
      "id": "abcat0102003",
      "name": "Blu-ray Players",
      "createdAt": "2016-11-17T17:57:04.285Z",
      "updatedAt": "2016-11-17T17:57:04.285Z",
      "subCategories": [
        {
          "id": "pcmcat205900050012",
          "name": "3D Blu-ray Players",
          "createdAt": "2016-11-17T17:57:05.399Z",
          "updatedAt": "2016-11-17T17:57:05.399Z"
        },
        {
          "id": "pcmcat748301694302",
          "name": "Streaming Blu-ray Players",
          "createdAt": "2016-11-17T17:57:04.899Z",
          "updatedAt": "2016-11-17T17:57:04.899Z"
        }
      ],
      "categoryPath": [
        {
          "id": "abcat0100000",
          "name": "TV & Home Theater",
          "createdAt": "2016-11-17T17:57:04.285Z",
          "updatedAt": "2016-11-17T17:57:04.285Z"
        },
        {
          "id": "abcat0102000",
          "name": "Blu-ray & DVD Players",
          "createdAt": "2016-11-17T17:57:04.285Z",
          "updatedAt": "2016-11-17T17:57:04.285Z"
        },
        {
          "id": "abcat0102003",
          "name": "Blu-ray Players",
          "createdAt": "2016-11-17T17:57:04.285Z",
          "updatedAt": "2016-11-17T17:57:04.285Z"
        }
      ]
    },
    {
      "id": "abcat0102005",
      "name": "DVD Players",
      "createdAt": "2016-11-17T17:57:04.285Z",
      "updatedAt": "2016-11-17T17:57:04.285Z",
      "subCategories": [
        {
          "id": "pcmcat138100050024",
          "name": "TV & Home Theater Services",
          "createdAt": "2016-11-17T17:57:04.643Z",
          "updatedAt": "2016-11-17T17:57:04.643Z"
        }
      ],
      "categoryPath": [
        {
          "id": "abcat0100000",
          "name": "TV & Home Theater",
          "createdAt": "2016-11-17T17:57:04.285Z",
          "updatedAt": "2016-11-17T17:57:04.285Z"
        },
        {
          "id": "abcat0102000",
          "name": "Blu-ray & DVD Players",
          "createdAt": "2016-11-17T17:57:04.285Z",
          "updatedAt": "2016-11-17T17:57:04.285Z"
        },
        {
          "id": "abcat0102005",
          "name": "DVD Players",
          "createdAt": "2016-11-17T17:57:04.285Z",
          "updatedAt": "2016-11-17T17:57:04.285Z"
        }
      ]
    }
  ]
}

