03:04:44.906 karate.env system property was: null 
03:04:47.085 request:
1 > GET http://localhost:3030/categories?%24select%5B%5D=name
1 > Accept-Encoding: gzip,deflate
1 > Connection: Keep-Alive
1 > Host: localhost:3030
1 > User-Agent: Apache-HttpClient/4.5.5 (Java/1.8.0_221)

03:04:47.400 response time in milliseconds: 307.15
1 < 500
1 < Access-Control-Allow-Origin: *
1 < Allow: GET,POST,PUT,PATCH,DELETE
1 < Connection: keep-alive
1 < Content-Length: 136
1 < Content-Type: application/json; charset=utf-8
1 < Date: Sat, 09 Nov 2019 21:34:47 GMT
1 < ETag: W/"88-e8uslLG0bI45ttWPqYwsOCTVQHs"
1 < Vary: Accept-Encoding
1 < X-Powered-By: Express
{"name":"GeneralError","message":"Cannot read property 'map' of undefined","code":500,"className":"general-error","data":{},"errors":{}}

03:04:47.405 [print] {
  "name": "GeneralError",
  "message": "Cannot read property 'map' of undefined",
  "code": 500,
  "className": "general-error",
  "data": {
  },
  "errors": {
  }
}


